<?xml version="1.0" encoding="UTF-8"?>
<testsuite xmlns:xsi="http://www.w3.org/2001/XMLSchema-instance" xsi:schemaLocation="https://maven.apache.org/surefire/maven-surefire-plugin/xsd/surefire-test-report.xsd" name="org.wso2.extension.siddhi.window.uniquetimebatch.UniqueTimeBatchWindowTestCase" time="48.271" tests="7" errors="0" skipped="0" failures="0">
  <properties>
[...]
</properties>
  <testcase name="timeWindowBatchTest4" classname="org.wso2.extension.siddhi.window.uniquetimebatch.UniqueTimeBatchWindowTestCase" time="4.531"/>
  <testcase name="timeWindowBatchTest5" classname="org.wso2.extension.siddhi.window.uniquetimebatch.UniqueTimeBatchWindowTestCase" time="2.167"/>
  <testcase name="timeWindowBatchTest6" classname="org.wso2.extension.siddhi.window.uniquetimebatch.UniqueTimeBatchWindowTestCase" time="2.52"/>
  <testcase name="timeWindowBatchTest7" classname="org.wso2.extension.siddhi.window.uniquetimebatch.UniqueTimeBatchWindowTestCase" time="27.542"/>
  <testcase name="timeWindowBatchTest2" classname="org.wso2.extension.siddhi.window.uniquetimebatch.UniqueTimeBatchWindowTestCase" time="4.216"/>
  <testcase name="timeWindowBatchTest3" classname="org.wso2.extension.siddhi.window.uniquetimebatch.UniqueTimeBatchWindowTestCase" time="4.227"/>
  <testcase name="timeWindowBatchTest1" classname="org.wso2.extension.siddhi.window.uniquetimebatch.UniqueTimeBatchWindowTestCase" time="3.013"/>
</testsuite>